<?xml version="1.0" encoding="UTF-8"?>
<!-- Generated by org.testng.reporters.JUnitReportReporter -->
<testsuite hostname="BHAGAVATH" failures="0" tests="1" name="com.janitri.Base.TestBase" time="3.607" errors="0" timestamp="2025-08-08T16:37:26 IST" skipped="0">
  <testcase classname="com.janitri.Base.TestBase" name="setup" time="3.607"/>
</testsuite> <!-- com.janitri.Base.TestBase -->
